#
# A fatal error has been detected by the Java Runtime Environment:
#
#  EXCEPTION_ACCESS_VIOLATION (0xc0000005) at pc=0x00007fff5e0b3004, pid=1944, tid=10168
#
# JRE version: OpenJDK Runtime Environment (24.0+36) (build 24+36-3646)
# Java VM: OpenJDK 64-Bit Server VM (24+36-3646, mixed mode, sharing, tiered, compressed oops, compressed class ptrs, g1 gc, windows-amd64)
# Problematic frame:
# C  [libasyncProfiler.dll+0x93004]
#
# No core dump will be written. Minidumps are not enabled by default on client versions of Windows
#
# JFR recording file will be written. Location: C:\Users\умаралиев\IdeaProjects\Lassen_1\hs_err_pid1944.jfr
#
# If you would like to submit a bug report, please visit:
#   https://bugreport.java.com/bugreport/crash.jsp
# The crash happened outside the Java Virtual Machine in native code.
# See problematic frame for where to report the bug.
#

---------------  S U M M A R Y ------------

Command Line: -javaagent:C:\Program Files\JetBrains\IntelliJ IDEA 2024.3.5\lib\idea_rt.jar=63455 -agentpath:C:\Users\умаралиев\AppData\Local\Temp\idea_libasyncProfiler_dll_temp_folder\libasyncProfiler.dll=start,jfr,event=wall,interval=10ms,jfrsync=profile,cstack=no,file=C:\Users\умаралиев\IdeaSnapshots\Lesson_1_Lesson_2_2025_03_29_235720.jfr,dbghelppath=C:\Users\умаралиев\AppData\Local\Temp\idea_dbghelp_dll_temp_folder\dbghelp.dll,log=C:\Users\умаралиев\AppData\Local\Temp\Lesson_1_Lesson_2_2025_03_29_235720.jfr.log.txt,logLevel=DEBUG -Dfile.encoding=UTF-8 -Dsun.stdout.encoding=UTF-8 -Dsun.stderr.encoding=UTF-8 org.example.Lesson_1$Lesson_2

Host: Intel(R) Core(TM) i3-3120M CPU @ 2.50GHz, 4 cores, 5G,  Windows 10 , 64 bit Build 19041 (10.0.19041.5678)
Time: Sat Mar 29 23:57:24 2025  Windows 10 , 64 bit Build 19041 (10.0.19041.5678) elapsed time: 3.985145 seconds (0d 0h 0m 3s)

---------------  T H R E A D  ---------------

Current thread (0x00000174d6374ab0):  JavaThread "main"             [_thread_in_native, id=10168, stack(0x000000428b000000,0x000000428b100000) (1024K)]

Stack: [0x000000428b000000,0x000000428b100000],  sp=0x000000428b0fe790,  free space=1017k
Native frames: (J=compiled Java code, j=interpreted, Vv=VM code, C=native code)
C  [libasyncProfiler.dll+0x93004]  (no source info available)
C  [libasyncProfiler.dll+0x934db]  (no source info available)
C  [libasyncProfiler.dll+0x92134]  (no source info available)
C  [libasyncProfiler.dll+0x929aa]  (no source info available)
C  [libasyncProfiler.dll+0x8d561]  (no source info available)
C  [libasyncProfiler.dll+0x7ef21]  (no source info available)
C  [libasyncProfiler.dll+0x7dc38]  (no source info available)
C  [libasyncProfiler.dll+0x7db20]  (no source info available)
C  [libasyncProfiler.dll+0x83c3c]  (no source info available)
V  [jvm.dll+0x5e3a5e]  (no source info available)
V  [jvm.dll+0x8861e6]  (no source info available)
V  [jvm.dll+0x49604e]  (no source info available)
V  [jvm.dll+0x497e21]  (no source info available)
C  [jli.dll+0x52a1]  (no source info available)
C  [ucrtbase.dll+0x21bb2]  (no source info available)
C  [KERNEL32.DLL+0x17374]  (no source info available)
C  [ntdll.dll+0x4cc91]  (no source info available)


siginfo: EXCEPTION_ACCESS_VIOLATION (0xc0000005), reading address 0xffffffffffffffff


Registers:
RAX=0x0000000000000010, RBX=0x0000000000000000, RCX=0xffffffffffffffff, RDX=0x007fff500f2ff010
RSP=0x000000428b0fe790, RBP=0x00000174c142da78, RSI=0x000000428b0fe900, RDI=0x00000174c142da78
R8 =0x0000000000000042, R9 =0x00000000a8b01ee8, R10=0x00007fff50369fc0, R11=0x0000000000000002
R12=0x000000428b0fe900, R13=0x00000174d63744e0, R14=0x00000174d6374e78, R15=0x00000174d6374e78
RIP=0x00007fff5e0b3004, EFLAGS=0x0000000000010202

XMM[0]=0x0000000000000000 0x0000000000000000
XMM[1]=0x0000000000000000 0x0000000000000000
XMM[2]=0x0000000000000000 0x0000000000000000
XMM[3]=0x0000000000000000 0x0000000000000000
XMM[4]=0x0000000000000000 0x0000000000000000
XMM[5]=0x0000000000000000 0x0000000000000000
XMM[6]=0x0000000000000000 0x0000000000000000
XMM[7]=0x0000000000000000 0x0000000000000000
XMM[8]=0x0000000000000000 0x0000000000000000
XMM[9]=0x0000000000000000 0x0000000000000000
XMM[10]=0x0000000000000000 0x0000000000000000
XMM[11]=0x0000000000000000 0x0000000000000000
XMM[12]=0x0000000000000000 0x0000000000000000
XMM[13]=0x0000000000000000 0x0000000000000000
XMM[14]=0x0000000000000000 0x0000000000000000
XMM[15]=0x0000000000000000 0x0000000000000000
  MXCSR=0x00001fa0


Register to memory mapping:

RAX=0x0000000000000010 is an unknown value
RBX=0x0 is null
RCX=0xffffffffffffffff is an unknown value
RDX=0x007fff500f2ff010 is an unknown value
RSP=0x000000428b0fe790 is pointing into the stack for thread: 0x00000174d6374ab0
RBP=0x00000174c142da78 points into unknown readable memory: 0x00000000a8b01ee8 | e8 1e b0 a8 00 00 00 00
RSI=0x000000428b0fe900 is pointing into the stack for thread: 0x00000174d6374ab0
RDI=0x00000174c142da78 points into unknown readable memory: 0x00000000a8b01ee8 | e8 1e b0 a8 00 00 00 00
R8 =0x0000000000000042 is an unknown value
R9 =0x00000000a8b01ee8 is an oop: java.lang.Thread 
{0x00000000a8b01ee8} - klass: 'java/lang/Thread' - flags: 

 - ---- fields (total size 14 words):
 - 'threadLocalRandomProbe' 'I' @12  0 (0x00000000)
 - private volatile 'eetop' 'J' @16  1601321781936 (0x00000174d6374ab0)
 - private final 'tid' 'J' @24  3 (0x0000000000000003)
 - 'threadLocalRandomSeed' 'J' @32  0 (0x0000000000000000)
 - injected 'jvmti_thread_state' 'J' @40  1600966707664 (0x00000174c10d49d0)
 - 'threadLocalRandomSecondarySeed' 'I' @48  0 (0x00000000)
 - injected 'jvmti_VTMS_transition_disable_count' 'I' @52  0 (0x00000000)
 - injected 'jfr_epoch' 'S' @56  0 (0x0000)
 - volatile 'interrupted' 'Z' @58  false (0x00)
 - injected 'jvmti_is_in_VTMS_transition' 'Z' @59  false (0x00)
 - private volatile 'name' 'Ljava/lang/String;' @60  "main"{0x00000000a8b01f58} (0xa8b01f58)
 - private volatile 'contextClassLoader' 'Ljava/lang/ClassLoader;' @64  a 'jdk/internal/loader/ClassLoaders$AppClassLoader'{0x00000000a8b188c0} (0xa8b188c0)
 - private final 'holder' 'Ljava/lang/Thread$FieldHolder;' @68  a 'java/lang/Thread$FieldHolder'{0x00000000a8b01f98} (0xa8b01f98)
 - 'threadLocals' 'Ljava/lang/ThreadLocal$ThreadLocalMap;' @72  a 'java/lang/ThreadLocal$ThreadLocalMap'{0x00000000a89b8240} (0xa89b8240)
 - 'inheritableThreadLocals' 'Ljava/lang/ThreadLocal$ThreadLocalMap;' @76  null (0x00000000)
 - private 'scopedValueBindings' 'Ljava/lang/Object;' @80  a 'java/lang/Class'{0x00000000ffe7c280} = 'java/lang/Thread' (0xffe7c280)
 - final 'interruptLock' 'Ljava/lang/Object;' @84  a 'java/lang/Object'{0x00000000a8b01f88} (0xa8b01f88)
 - private volatile 'parkBlocker' 'Ljava/lang/Object;' @88  null (0x00000000)
 - private 'nioBlocker' 'Lsun/nio/ch/Interruptible;' @92  null (0x00000000)
 - private 'cont' 'Ljdk/internal/vm/Continuation;' @96  null (0x00000000)
 - private volatile 'uncaughtExceptionHandler' 'Ljava/lang/Thread$UncaughtExceptionHandler;' @100  null (0x00000000)
 - private 'container' 'Ljdk/internal/vm/ThreadContainer;' @104  null (0x00000000)
 - private volatile 'headStackableScopes' 'Ljdk/internal/vm/StackableScope;' @108  null (0x00000000)
R10=0x00007fff50369fc0 jvm.dll
R11=0x0000000000000002 is an unknown value
R12=0x000000428b0fe900 is pointing into the stack for thread: 0x00000174d6374ab0
R13=0x00000174d63744e0 points into unknown readable memory: 0x00007fff502da510 | 10 a5 2d 50 ff 7f 00 00
R14=0x00000174d6374e78 points into unknown readable memory: 0x00007fff502d17b0 | b0 17 2d 50 ff 7f 00 00
R15=0x00000174d6374e78 points into unknown readable memory: 0x00007fff502d17b0 | b0 17 2d 50 ff 7f 00 00

Top of Stack: (sp=0x000000428b0fe790)
0x000000428b0fe790:   000000428b0fe900 00000174c142da78   ....B...x.B.t...
0x000000428b0fe7a0:   0000000000000000 00000174d414e1b0   ............t...
0x000000428b0fe7b0:   0000000000000019 00007fff5e0b34db   .........4.^....
0x000000428b0fe7c0:   0000000000000000 00000174d6374e78   ........xN7.t...
0x000000428b0fe7d0:   000000428b0fe901 0000000000000000   ....B...........
0x000000428b0fe7e0:   00000174c1b720b0 00007fff5e0b2134   . ..t...4!.^....
0x000000428b0fe7f0:   0000000000000000 0000000000000019   ................
0x000000428b0fe800:   0000000000000000 0000000000000019   ................
0x000000428b0fe810:   0000000900000000 00000174c1b4e9b0   ............t...
0x000000428b0fe820:   00000174c1b720b0 00000174c1b72114   . ..t....!..t...
0x000000428b0fe830:   00000174c1b72120 0000004200002be4    !..t....+..B...
0x000000428b0fe840:   0000000000000000 0000000000000000   ................
0x000000428b0fe850:   0000000000000000 00007fff4fb358e4   .........X.O....
0x000000428b0fe860:   00007fff5e20ae00 0000000000000798   .. ^............
0x000000428b0fe870:   00007fff5e20ae00 00000000ffffffff   .. ^............
0x000000428b0fe880:   0000000000000000 00007fff5e0b29aa   .........).^....
0x000000428b0fe890:   00000174d6374e78 0000000000000000   xN7.t...........
0x000000428b0fe8a0:   000000428b0fe909 00000174d63744e0   ....B....D7.t...
0x000000428b0fe8b0:   00000174000021b4 0000000000000000   .!..t...........
0x000000428b0fe8c0:   00000174d3fe0000 00007fff5e1b4118   ....t....A.^....
0x000000428b0fe8d0:   00000174d6374e78 00007fff5e20ae00   xN7.t..... ^....
0x000000428b0fe8e0:   0000000000100000 0000000000001000   ................
0x000000428b0fe8f0:   000000428b0fea98 00000174d6374e78   ....B...xN7.t...
0x000000428b0fe900:   00000174c1a084a0 00000174c1a087c0   ....t.......t...
0x000000428b0fe910:   00000174c1a087c0 00007fff5e20ae00   ....t..... ^....
0x000000428b0fe920:   000000428b0fea98 00000174d4050000   ....B.......t...
0x000000428b0fe930:   000000428b0febd0 0000000000008840   ....B...@.......
0x000000428b0fe940:   00007fff5e1fd080 00007fff5e20ae50   ...^....P. ^....
0x000000428b0fe950:   0000000000989680 0000000000989680   ................
0x000000428b0fe960:   000000428b0fea70 00007fff5e0ad561   p...B...a..^....
0x000000428b0fe970:   00007fff5e20ae00 00007fff5e20ae58   .. ^....X. ^....
0x000000428b0fe980:   00007fff00000000 0000017400000001   ............t...

Instructions: (pc=0x00007fff5e0b3004)
  0x00007fff5e0b2f04:   cc cc cc cc cc cc cc cc cc cc cc cc cc cc cc cc
  0x00007fff5e0b2f14:   cc cc cc cc cc cc cc cc cc cc cc cc cc cc cc cc
  0x00007fff5e0b2f24:   cc cc cc cc cc cc cc cc cc cc cc cc cc cc cc cc
  0x00007fff5e0b2f34:   cc cc cc cc cc cc cc cc cc cc cc cc cc cc cc cc
  0x00007fff5e0b2f44:   cc cc cc cc cc cc cc cc cc cc cc cc cc cc cc cc
  0x00007fff5e0b2f54:   cc cc cc cc cc cc cc cc cc cc cc cc cc cc cc cc
  0x00007fff5e0b2f64:   cc cc cc cc cc cc cc cc cc cc cc cc cc cc cc cc
  0x00007fff5e0b2f74:   cc cc cc cc cc cc cc cc cc cc cc cc cc cc cc cc
  0x00007fff5e0b2f84:   cc cc cc cc cc cc cc cc cc cc cc cc 40 57 48 83
  0x00007fff5e0b2f94:   ec 20 48 8b f9 48 8b 0d 30 80 15 00 48 85 c9 74
  0x00007fff5e0b2fa4:   20 48 8b 01 48 8d 54 24 38 41 b8 06 00 01 00 4c
  0x00007fff5e0b2fb4:   8b 48 30 41 ff d1 85 c0 75 07 48 8b 4c 24 38 eb
  0x00007fff5e0b2fc4:   02 33 c9 4c 8b 05 0a 81 15 00 48 89 5c 24 30 4d
  0x00007fff5e0b2fd4:   85 c0 74 4a 48 8b 01 48 8b d7 4c 8b 88 28 03 00
  0x00007fff5e0b2fe4:   00 41 ff d1 48 85 c0 74 35 48 63 0d b8 3d 15 00
  0x00007fff5e0b2ff4:   48 8b 14 01 48 85 d2 74 15 48 63 05 bc 3d 15 00
=>0x00007fff5e0b3004:   8b 04 10 48 8b 5c 24 30 48 83 c4 20 5f c3 b8 ff
  0x00007fff5e0b3014:   ff ff ff 48 8b 5c 24 30 48 83 c4 20 5f c3 80 3d
  0x00007fff5e0b3024:   bb 7f 15 00 00 bb ff ff ff ff 74 20 4c 8b 0d 51
  0x00007fff5e0b3034:   7c 15 00 4c 8d 44 24 38 48 8b 0d 35 7c 15 00 48
  0x00007fff5e0b3044:   8b d7 41 ff d1 85 c0 0f 44 5c 24 38 8b c3 48 8b
  0x00007fff5e0b3054:   5c 24 30 48 83 c4 20 5f c3 cc cc cc cc cc cc cc
  0x00007fff5e0b3064:   cc cc cc cc cc cc cc cc cc cc cc cc cc cc cc cc
  0x00007fff5e0b3074:   cc cc cc cc cc cc cc cc cc cc cc cc cc cc cc cc
  0x00007fff5e0b3084:   cc cc cc cc cc cc cc cc cc cc cc cc 48 89 54 24
  0x00007fff5e0b3094:   10 53 55 56 57 41 56 41 57 48 83 ec 28 48 8b f2
  0x00007fff5e0b30a4:   4c 8b f1 48 89 4c 24 78 45 33 ff 44 89 7c 24 68
  0x00007fff5e0b30b4:   c7 44 24 60 01 00 00 00 48 8d 4c 24 68 e8 69 3c
  0x00007fff5e0b30c4:   f7 ff 8b d8 48 8d 4c 24 60 e8 5d 3c f7 ff 8b e8
  0x00007fff5e0b30d4:   49 8b ce e8 33 f3 f6 ff 48 8b f8 90 8b c3 f0 0f
  0x00007fff5e0b30e4:   b1 2f 74 04 f3 90 eb f4 4c 89 3e 4c 89 7e 08 4c
  0x00007fff5e0b30f4:   89 7e 10 49 8b 6e 08 4d 8b 76 10 49 3b ee 0f 84


Stack slot to memory mapping:

stack at sp + 0 slots: 0x000000428b0fe900 is pointing into the stack for thread: 0x00000174d6374ab0
stack at sp + 1 slots: 0x00000174c142da78 points into unknown readable memory: 0x00000000a8b01ee8 | e8 1e b0 a8 00 00 00 00
stack at sp + 2 slots: 0x0 is null
stack at sp + 3 slots: 0x00000174d414e1b0 points into unknown readable memory: 0x6e616c2e6176616a | 6a 61 76 61 2e 6c 61 6e
stack at sp + 4 slots: 0x0000000000000019 is an unknown value
stack at sp + 5 slots: 0x00007fff5e0b34db libasyncProfiler.dll
stack at sp + 6 slots: 0x0 is null
stack at sp + 7 slots: 0x00000174d6374e78 points into unknown readable memory: 0x00007fff502d17b0 | b0 17 2d 50 ff 7f 00 00

Lock stack of current Java thread (top to bottom):


---------------  P R O C E S S  ---------------

Threads class SMR info:
_java_thread_list=0x00000174c1a95cd0, length=13, elements={
0x00000174d6374ab0, 0x00000174d6082e30, 0x00000174d6084f10, 0x00000174d6087a10,
0x00000174d608a550, 0x00000174d608d220, 0x00000174d609ab20, 0x00000174c1086f90,
0x00000174c1089730, 0x00000174c1144f70, 0x00000174c1147b50, 0x00000174c11482a0,
0x00000174c1145e10
}

Java Threads: ( => current thread )
=>0x00000174d6374ab0 JavaThread "main"                              [_thread_in_native, id=10168, stack(0x000000428b000000,0x000000428b100000) (1024K)]
  0x00000174d6082e30 JavaThread "Reference Handler"          daemon [_thread_blocked, id=11348, stack(0x000000428b800000,0x000000428b900000) (1024K)]
  0x00000174d6084f10 JavaThread "Finalizer"                  daemon [_thread_blocked, id=10412, stack(0x000000428b900000,0x000000428ba00000) (1024K)]
  0x00000174d6087a10 JavaThread "Signal Dispatcher"          daemon [_thread_blocked, id=12236, stack(0x000000428ba00000,0x000000428bb00000) (1024K)]
  0x00000174d608a550 JavaThread "Attach Listener"            daemon [_thread_blocked, id=2424, stack(0x000000428bb00000,0x000000428bc00000) (1024K)]
  0x00000174d608d220 JavaThread "Service Thread"             daemon [_thread_blocked, id=7208, stack(0x000000428bc00000,0x000000428bd00000) (1024K)]
  0x00000174d609ab20 JavaThread "Monitor Deflation Thread"   daemon [_thread_blocked, id=12004, stack(0x000000428bd00000,0x000000428be00000) (1024K)]
  0x00000174c1086f90 JavaThread "C2 CompilerThread0"         daemon [_thread_blocked, id=6044, stack(0x000000428be00000,0x000000428bf00000) (1024K)]
  0x00000174c1089730 JavaThread "C1 CompilerThread0"         daemon [_thread_blocked, id=8372, stack(0x000000428bf00000,0x000000428c000000) (1024K)]
  0x00000174c1144f70 JavaThread "Common-Cleaner"             daemon [_thread_blocked, id=7188, stack(0x000000428c000000,0x000000428c100000) (1024K)]
  0x00000174c1147b50 JavaThread "Monitor Ctrl-Break"         daemon [_thread_in_native, id=5404, stack(0x000000428c100000,0x000000428c200000) (1024K)]
  0x00000174c11482a0 JavaThread "JFR Recorder Thread"        daemon [_thread_in_native, id=10632, stack(0x000000428c200000,0x000000428c300000) (1024K)]
  0x00000174c1145e10 JavaThread "JFR Periodic Tasks"         daemon [_thread_blocked, id=11236, stack(0x000000428c400000,0x000000428c500000) (1024K)]
Total: 13

Other Threads:
  0x00000174d606bc10 VMThread "VM Thread"                           [id=5876, stack(0x000000428b700000,0x000000428b800000) (1024K)]
  0x00000174d6059c30 WatcherThread "VM Periodic Task Thread"        [id=8692, stack(0x000000428b600000,0x000000428b700000) (1024K)]
  0x00000174d5f2d160 WorkerThread "GC Thread#0"                     [id=10532, stack(0x000000428b100000,0x000000428b200000) (1024K)]
  0x00000174d5f3ca80 ConcurrentGCThread "G1 Main Marker"            [id=2568, stack(0x000000428b200000,0x000000428b300000) (1024K)]
  0x00000174d5f3d590 WorkerThread "G1 Conc#0"                       [id=2824, stack(0x000000428b300000,0x000000428b400000) (1024K)]
  0x00000174d5fa9920 ConcurrentGCThread "G1 Refine#0"               [id=7080, stack(0x000000428b400000,0x000000428b500000) (1024K)]
  0x00000174d5faa4a0 ConcurrentGCThread "G1 Service"                [id=7372, stack(0x000000428b500000,0x000000428b600000) (1024K)]
Total: 7

Threads with active compile tasks:
Total: 0

VM state: not at safepoint (normal execution)

VM Mutex/Monitor currently owned by a thread: None

Heap address: 0x00000000a2e00000, size: 1490 MB, Compressed Oops mode: 32-bit

CDS archive(s) mapped at: [0x0000017480000000-0x0000017480d40000-0x0000017480d40000), size 13893632, SharedBaseAddress: 0x0000017480000000, ArchiveRelocationMode: 1.
Compressed class space mapped at: 0x0000017481000000-0x00000174c1000000, reserved size: 1073741824
UseCompressedClassPointers 1, UseCompactObjectHeaders 0
Narrow klass pointer bits 32, Max shift 3
Narrow klass base: 0x0000017480000000, Narrow klass shift: 0
Encoding Range: [0x0000017480000000 - 0x0000017580000000), (4294967296 bytes)
Klass Range:    [0x0000017480000000 - 0x00000174c1000000), (1090519040 bytes)
Klass ID Range:  [8 - 1090519033) (1090519025)

GC Precious Log:
 CardTable entry size: 512
 Card Set container configuration: InlinePtr #cards 5 size 8 Array Of Cards #cards 10 size 36 Howl #buckets 4 coarsen threshold 1843 Howl Bitmap #cards 512 size 80 coarsen threshold 460 Card regions per heap region 1 cards per card region 2048
 CPUs: 4 total, 4 available
 Memory: 5959M
 Large Page Support: Disabled
 NUMA Support: Disabled
 Compressed Oops: Enabled (32-bit)
 Heap Region Size: 1M
 Heap Min Capacity: 8M
 Heap Initial Capacity: 94M
 Heap Max Capacity: 1490M
 Pre-touch: Disabled
 Parallel Workers: 4
 Concurrent Workers: 1
 Concurrent Refinement Workers: 4
 Periodic GC: Disabled

Heap:
 garbage-first heap   total reserved 1525760K, committed 98304K, used 18544K [0x00000000a2e00000, 0x0000000100000000)
  region size 1024K, 18 young (18432K), 0 survivors (0K)
 Metaspace       used 3675K, committed 3904K, reserved 1114112K
  class space    used 332K, committed 448K, reserved 1048576K

Heap Regions: E=young(eden), S=young(survivor), O=old, HS=humongous(starts), HC=humongous(continues), CS=collection set, F=free, TAMS=top-at-mark-start, PB=parsable bottom
|   0|0x00000000a2e00000, 0x00000000a2e00000, 0x00000000a2f00000|  0%| F|  |TAMS 0x00000000a2e00000| PB 0x00000000a2e00000| Untracked |  0
|   1|0x00000000a2f00000, 0x00000000a2f00000, 0x00000000a3000000|  0%| F|  |TAMS 0x00000000a2f00000| PB 0x00000000a2f00000| Untracked |  0
|   2|0x00000000a3000000, 0x00000000a3000000, 0x00000000a3100000|  0%| F|  |TAMS 0x00000000a3000000| PB 0x00000000a3000000| Untracked |  0
|   3|0x00000000a3100000, 0x00000000a3100000, 0x00000000a3200000|  0%| F|  |TAMS 0x00000000a3100000| PB 0x00000000a3100000| Untracked |  0
|   4|0x00000000a3200000, 0x00000000a3200000, 0x00000000a3300000|  0%| F|  |TAMS 0x00000000a3200000| PB 0x00000000a3200000| Untracked |  0
|   5|0x00000000a3300000, 0x00000000a3300000, 0x00000000a3400000|  0%| F|  |TAMS 0x00000000a3300000| PB 0x00000000a3300000| Untracked |  0
|   6|0x00000000a3400000, 0x00000000a3400000, 0x00000000a3500000|  0%| F|  |TAMS 0x00000000a3400000| PB 0x00000000a3400000| Untracked |  0
|   7|0x00000000a3500000, 0x00000000a3500000, 0x00000000a3600000|  0%| F|  |TAMS 0x00000000a3500000| PB 0x00000000a3500000| Untracked |  0
|   8|0x00000000a3600000, 0x00000000a3600000, 0x00000000a3700000|  0%| F|  |TAMS 0x00000000a3600000| PB 0x00000000a3600000| Untracked |  0
|   9|0x00000000a3700000, 0x00000000a3700000, 0x00000000a3800000|  0%| F|  |TAMS 0x00000000a3700000| PB 0x00000000a3700000| Untracked |  0
|  10|0x00000000a3800000, 0x00000000a3800000, 0x00000000a3900000|  0%| F|  |TAMS 0x00000000a3800000| PB 0x00000000a3800000| Untracked |  0
|  11|0x00000000a3900000, 0x00000000a3900000, 0x00000000a3a00000|  0%| F|  |TAMS 0x00000000a3900000| PB 0x00000000a3900000| Untracked |  0
|  12|0x00000000a3a00000, 0x00000000a3a00000, 0x00000000a3b00000|  0%| F|  |TAMS 0x00000000a3a00000| PB 0x00000000a3a00000| Untracked |  0
|  13|0x00000000a3b00000, 0x00000000a3b00000, 0x00000000a3c00000|  0%| F|  |TAMS 0x00000000a3b00000| PB 0x00000000a3b00000| Untracked |  0
|  14|0x00000000a3c00000, 0x00000000a3c00000, 0x00000000a3d00000|  0%| F|  |TAMS 0x00000000a3c00000| PB 0x00000000a3c00000| Untracked |  0
|  15|0x00000000a3d00000, 0x00000000a3d00000, 0x00000000a3e00000|  0%| F|  |TAMS 0x00000000a3d00000| PB 0x00000000a3d00000| Untracked |  0
|  16|0x00000000a3e00000, 0x00000000a3e00000, 0x00000000a3f00000|  0%| F|  |TAMS 0x00000000a3e00000| PB 0x00000000a3e00000| Untracked |  0
|  17|0x00000000a3f00000, 0x00000000a3f00000, 0x00000000a4000000|  0%| F|  |TAMS 0x00000000a3f00000| PB 0x00000000a3f00000| Untracked |  0
|  18|0x00000000a4000000, 0x00000000a4000000, 0x00000000a4100000|  0%| F|  |TAMS 0x00000000a4000000| PB 0x00000000a4000000| Untracked |  0
|  19|0x00000000a4100000, 0x00000000a4100000, 0x00000000a4200000|  0%| F|  |TAMS 0x00000000a4100000| PB 0x00000000a4100000| Untracked |  0
|  20|0x00000000a4200000, 0x00000000a4200000, 0x00000000a4300000|  0%| F|  |TAMS 0x00000000a4200000| PB 0x00000000a4200000| Untracked |  0
|  21|0x00000000a4300000, 0x00000000a4300000, 0x00000000a4400000|  0%| F|  |TAMS 0x00000000a4300000| PB 0x00000000a4300000| Untracked |  0
|  22|0x00000000a4400000, 0x00000000a4400000, 0x00000000a4500000|  0%| F|  |TAMS 0x00000000a4400000| PB 0x00000000a4400000| Untracked |  0
|  23|0x00000000a4500000, 0x00000000a4500000, 0x00000000a4600000|  0%| F|  |TAMS 0x00000000a4500000| PB 0x00000000a4500000| Untracked |  0
|  24|0x00000000a4600000, 0x00000000a4600000, 0x00000000a4700000|  0%| F|  |TAMS 0x00000000a4600000| PB 0x00000000a4600000| Untracked |  0
|  25|0x00000000a4700000, 0x00000000a4700000, 0x00000000a4800000|  0%| F|  |TAMS 0x00000000a4700000| PB 0x00000000a4700000| Untracked |  0
|  26|0x00000000a4800000, 0x00000000a4800000, 0x00000000a4900000|  0%| F|  |TAMS 0x00000000a4800000| PB 0x00000000a4800000| Untracked |  0
|  27|0x00000000a4900000, 0x00000000a4900000, 0x00000000a4a00000|  0%| F|  |TAMS 0x00000000a4900000| PB 0x00000000a4900000| Untracked |  0
|  28|0x00000000a4a00000, 0x00000000a4a00000, 0x00000000a4b00000|  0%| F|  |TAMS 0x00000000a4a00000| PB 0x00000000a4a00000| Untracked |  0
|  29|0x00000000a4b00000, 0x00000000a4b00000, 0x00000000a4c00000|  0%| F|  |TAMS 0x00000000a4b00000| PB 0x00000000a4b00000| Untracked |  0
|  30|0x00000000a4c00000, 0x00000000a4c00000, 0x00000000a4d00000|  0%| F|  |TAMS 0x00000000a4c00000| PB 0x00000000a4c00000| Untracked |  0
|  31|0x00000000a4d00000, 0x00000000a4d00000, 0x00000000a4e00000|  0%| F|  |TAMS 0x00000000a4d00000| PB 0x00000000a4d00000| Untracked |  0
|  32|0x00000000a4e00000, 0x00000000a4e00000, 0x00000000a4f00000|  0%| F|  |TAMS 0x00000000a4e00000| PB 0x00000000a4e00000| Untracked |  0
|  33|0x00000000a4f00000, 0x00000000a4f00000, 0x00000000a5000000|  0%| F|  |TAMS 0x00000000a4f00000| PB 0x00000000a4f00000| Untracked |  0
|  34|0x00000000a5000000, 0x00000000a5000000, 0x00000000a5100000|  0%| F|  |TAMS 0x00000000a5000000| PB 0x00000000a5000000| Untracked |  0
|  35|0x00000000a5100000, 0x00000000a5100000, 0x00000000a5200000|  0%| F|  |TAMS 0x00000000a5100000| PB 0x00000000a5100000| Untracked |  0
|  36|0x00000000a5200000, 0x00000000a5200000, 0x00000000a5300000|  0%| F|  |TAMS 0x00000000a5200000| PB 0x00000000a5200000| Untracked |  0
|  37|0x00000000a5300000, 0x00000000a5300000, 0x00000000a5400000|  0%| F|  |TAMS 0x00000000a5300000| PB 0x00000000a5300000| Untracked |  0
|  38|0x00000000a5400000, 0x00000000a5400000, 0x00000000a5500000|  0%| F|  |TAMS 0x00000000a5400000| PB 0x00000000a5400000| Untracked |  0
|  39|0x00000000a5500000, 0x00000000a5500000, 0x00000000a5600000|  0%| F|  |TAMS 0x00000000a5500000| PB 0x00000000a5500000| Untracked |  0
|  40|0x00000000a5600000, 0x00000000a5600000, 0x00000000a5700000|  0%| F|  |TAMS 0x00000000a5600000| PB 0x00000000a5600000| Untracked |  0
|  41|0x00000000a5700000, 0x00000000a5700000, 0x00000000a5800000|  0%| F|  |TAMS 0x00000000a5700000| PB 0x00000000a5700000| Untracked |  0
|  42|0x00000000a5800000, 0x00000000a5800000, 0x00000000a5900000|  0%| F|  |TAMS 0x00000000a5800000| PB 0x00000000a5800000| Untracked |  0
|  43|0x00000000a5900000, 0x00000000a5900000, 0x00000000a5a00000|  0%| F|  |TAMS 0x00000000a5900000| PB 0x00000000a5900000| Untracked |  0
|  44|0x00000000a5a00000, 0x00000000a5a00000, 0x00000000a5b00000|  0%| F|  |TAMS 0x00000000a5a00000| PB 0x00000000a5a00000| Untracked |  0
|  45|0x00000000a5b00000, 0x00000000a5b00000, 0x00000000a5c00000|  0%| F|  |TAMS 0x00000000a5b00000| PB 0x00000000a5b00000| Untracked |  0
|  46|0x00000000a5c00000, 0x00000000a5c00000, 0x00000000a5d00000|  0%| F|  |TAMS 0x00000000a5c00000| PB 0x00000000a5c00000| Untracked |  0
|  47|0x00000000a5d00000, 0x00000000a5d00000, 0x00000000a5e00000|  0%| F|  |TAMS 0x00000000a5d00000| PB 0x00000000a5d00000| Untracked |  0
|  48|0x00000000a5e00000, 0x00000000a5e00000, 0x00000000a5f00000|  0%| F|  |TAMS 0x00000000a5e00000| PB 0x00000000a5e00000| Untracked |  0
|  49|0x00000000a5f00000, 0x00000000a5f00000, 0x00000000a6000000|  0%| F|  |TAMS 0x00000000a5f00000| PB 0x00000000a5f00000| Untracked |  0
|  50|0x00000000a6000000, 0x00000000a6000000, 0x00000000a6100000|  0%| F|  |TAMS 0x00000000a6000000| PB 0x00000000a6000000| Untracked |  0
|  51|0x00000000a6100000, 0x00000000a6100000, 0x00000000a6200000|  0%| F|  |TAMS 0x00000000a6100000| PB 0x00000000a6100000| Untracked |  0
|  52|0x00000000a6200000, 0x00000000a6200000, 0x00000000a6300000|  0%| F|  |TAMS 0x00000000a6200000| PB 0x00000000a6200000| Untracked |  0
|  53|0x00000000a6300000, 0x00000000a6300000, 0x00000000a6400000|  0%| F|  |TAMS 0x00000000a6300000| PB 0x00000000a6300000| Untracked |  0
|  54|0x00000000a6400000, 0x00000000a6400000, 0x00000000a6500000|  0%| F|  |TAMS 0x00000000a6400000| PB 0x00000000a6400000| Untracked |  0
|  55|0x00000000a6500000, 0x00000000a6500000, 0x00000000a6600000|  0%| F|  |TAMS 0x00000000a6500000| PB 0x00000000a6500000| Untracked |  0
|  56|0x00000000a6600000, 0x00000000a6600000, 0x00000000a6700000|  0%| F|  |TAMS 0x00000000a6600000| PB 0x00000000a6600000| Untracked |  0
|  57|0x00000000a6700000, 0x00000000a6700000, 0x00000000a6800000|  0%| F|  |TAMS 0x00000000a6700000| PB 0x00000000a6700000| Untracked |  0
|  58|0x00000000a6800000, 0x00000000a6800000, 0x00000000a6900000|  0%| F|  |TAMS 0x00000000a6800000| PB 0x00000000a6800000| Untracked |  0
|  59|0x00000000a6900000, 0x00000000a6900000, 0x00000000a6a00000|  0%| F|  |TAMS 0x00000000a6900000| PB 0x00000000a6900000| Untracked |  0
|  60|0x00000000a6a00000, 0x00000000a6a00000, 0x00000000a6b00000|  0%| F|  |TAMS 0x00000000a6a00000| PB 0x00000000a6a00000| Untracked |  0
|  61|0x00000000a6b00000, 0x00000000a6b00000, 0x00000000a6c00000|  0%| F|  |TAMS 0x00000000a6b00000| PB 0x00000000a6b00000| Untracked |  0
|  62|0x00000000a6c00000, 0x00000000a6c00000, 0x00000000a6d00000|  0%| F|  |TAMS 0x00000000a6c00000| PB 0x00000000a6c00000| Untracked |  0
|  63|0x00000000a6d00000, 0x00000000a6d00000, 0x00000000a6e00000|  0%| F|  |TAMS 0x00000000a6d00000| PB 0x00000000a6d00000| Untracked |  0
|  64|0x00000000a6e00000, 0x00000000a6e00000, 0x00000000a6f00000|  0%| F|  |TAMS 0x00000000a6e00000| PB 0x00000000a6e00000| Untracked |  0
|  65|0x00000000a6f00000, 0x00000000a6f00000, 0x00000000a7000000|  0%| F|  |TAMS 0x00000000a6f00000| PB 0x00000000a6f00000| Untracked |  0
|  66|0x00000000a7000000, 0x00000000a7000000, 0x00000000a7100000|  0%| F|  |TAMS 0x00000000a7000000| PB 0x00000000a7000000| Untracked |  0
|  67|0x00000000a7100000, 0x00000000a7100000, 0x00000000a7200000|  0%| F|  |TAMS 0x00000000a7100000| PB 0x00000000a7100000| Untracked |  0
|  68|0x00000000a7200000, 0x00000000a7200000, 0x00000000a7300000|  0%| F|  |TAMS 0x00000000a7200000| PB 0x00000000a7200000| Untracked |  0
|  69|0x00000000a7300000, 0x00000000a7300000, 0x00000000a7400000|  0%| F|  |TAMS 0x00000000a7300000| PB 0x00000000a7300000| Untracked |  0
|  70|0x00000000a7400000, 0x00000000a7400000, 0x00000000a7500000|  0%| F|  |TAMS 0x00000000a7400000| PB 0x00000000a7400000| Untracked |  0
|  71|0x00000000a7500000, 0x00000000a7500000, 0x00000000a7600000|  0%| F|  |TAMS 0x00000000a7500000| PB 0x00000000a7500000| Untracked |  0
|  72|0x00000000a7600000, 0x00000000a7600000, 0x00000000a7700000|  0%| F|  |TAMS 0x00000000a7600000| PB 0x00000000a7600000| Untracked |  0
|  73|0x00000000a7700000, 0x00000000a7700000, 0x00000000a7800000|  0%| F|  |TAMS 0x00000000a7700000| PB 0x00000000a7700000| Untracked |  0
|  74|0x00000000a7800000, 0x00000000a7800000, 0x00000000a7900000|  0%| F|  |TAMS 0x00000000a7800000| PB 0x00000000a7800000| Untracked |  0
|  75|0x00000000a7900000, 0x00000000a7900000, 0x00000000a7a00000|  0%| F|  |TAMS 0x00000000a7900000| PB 0x00000000a7900000| Untracked |  0
|  76|0x00000000a7a00000, 0x00000000a7aa7110, 0x00000000a7b00000| 65%| E|  |TAMS 0x00000000a7a00000| PB 0x00000000a7a00000| Complete |  0
|  77|0x00000000a7b00000, 0x00000000a7c00000, 0x00000000a7c00000|100%| E|CS|TAMS 0x00000000a7b00000| PB 0x00000000a7b00000| Complete |  0
|  78|0x00000000a7c00000, 0x00000000a7d00000, 0x00000000a7d00000|100%| E|CS|TAMS 0x00000000a7c00000| PB 0x00000000a7c00000| Complete |  0
|  79|0x00000000a7d00000, 0x00000000a7e00000, 0x00000000a7e00000|100%| E|CS|TAMS 0x00000000a7d00000| PB 0x00000000a7d00000| Complete |  0
|  80|0x00000000a7e00000, 0x00000000a7f00000, 0x00000000a7f00000|100%| E|CS|TAMS 0x00000000a7e00000| PB 0x00000000a7e00000| Complete |  0
|  81|0x00000000a7f00000, 0x00000000a8000000, 0x00000000a8000000|100%| E|CS|TAMS 0x00000000a7f00000| PB 0x00000000a7f00000| Complete |  0
|  82|0x00000000a8000000, 0x00000000a8100000, 0x00000000a8100000|100%| E|CS|TAMS 0x00000000a8000000| PB 0x00000000a8000000| Complete |  0
|  83|0x00000000a8100000, 0x00000000a8200000, 0x00000000a8200000|100%| E|CS|TAMS 0x00000000a8100000| PB 0x00000000a8100000| Complete |  0
|  84|0x00000000a8200000, 0x00000000a8300000, 0x00000000a8300000|100%| E|CS|TAMS 0x00000000a8200000| PB 0x00000000a8200000| Complete |  0
|  85|0x00000000a8300000, 0x00000000a8400000, 0x00000000a8400000|100%| E|CS|TAMS 0x00000000a8300000| PB 0x00000000a8300000| Complete |  0
|  86|0x00000000a8400000, 0x00000000a8500000, 0x00000000a8500000|100%| E|CS|TAMS 0x00000000a8400000| PB 0x00000000a8400000| Complete |  0
|  87|0x00000000a8500000, 0x00000000a8600000, 0x00000000a8600000|100%| E|CS|TAMS 0x00000000a8500000| PB 0x00000000a8500000| Complete |  0
|  88|0x00000000a8600000, 0x00000000a8700000, 0x00000000a8700000|100%| E|CS|TAMS 0x00000000a8600000| PB 0x00000000a8600000| Complete |  0
|  89|0x00000000a8700000, 0x00000000a8800000, 0x00000000a8800000|100%| E|CS|TAMS 0x00000000a8700000| PB 0x00000000a8700000| Complete |  0
|  90|0x00000000a8800000, 0x00000000a8900000, 0x00000000a8900000|100%| E|CS|TAMS 0x00000000a8800000| PB 0x00000000a8800000| Complete |  0
|  91|0x00000000a8900000, 0x00000000a8a00000, 0x00000000a8a00000|100%| E|CS|TAMS 0x00000000a8900000| PB 0x00000000a8900000| Complete |  0
|  92|0x00000000a8a00000, 0x00000000a8b00000, 0x00000000a8b00000|100%| E|CS|TAMS 0x00000000a8a00000| PB 0x00000000a8a00000| Complete |  0
|  93|0x00000000a8b00000, 0x00000000a8c00000, 0x00000000a8c00000|100%| E|CS|TAMS 0x00000000a8b00000| PB 0x00000000a8b00000| Complete |  0
|1488|0x00000000ffe00000, 0x00000000fff00000, 0x00000000fff00000|100%| O|  |TAMS 0x00000000ffe00000| PB 0x00000000ffe00000| Untracked |  0
|1489|0x00000000fff00000, 0x00000000fff1c348, 0x0000000100000000| 11%| O|  |TAMS 0x00000000fff00000| PB 0x00000000fff00000| Untracked |  0

Card table byte_map: [0x00000174eeb60000,0x00000174eee50000] _byte_map_base: 0x00000174ee649000

Marking Bits: (CMBitMap*) 0x00000174d5f2d870
 Bits: [0x00000174eee50000, 0x00000174f0598000)

Polling page: 0x00000174d4230000

Metaspace:

Usage:
  Non-class:      3.27 MB used.
      Class:    332.14 KB used.
       Both:      3.59 MB used.

Virtual space:
  Non-class space:       64.00 MB reserved,       3.38 MB (  5%) committed,  1 nodes.
      Class space:        1.00 GB reserved,     448.00 KB ( <1%) committed,  1 nodes.
             Both:        1.06 GB reserved,       3.81 MB ( <1%) committed. 

Chunk freelists:
   Non-Class:  11.87 MB
       Class:  15.56 MB
        Both:  27.43 MB

MaxMetaspaceSize: unlimited
CompressedClassSpaceSize: 1.00 GB
Initial GC threshold: 21.00 MB
Current GC threshold: 21.00 MB
CDS: on
 - commit_granule_bytes: 65536.
 - commit_granule_words: 8192.
 - virtual_space_node_default_size: 8388608.
 - enlarge_chunks_in_place: 1.
UseCompressedClassPointers 1, UseCompactObjectHeaders 0
Narrow klass pointer bits 32, Max shift 3
Narrow klass base: 0x0000017480000000, Narrow klass shift: 0
Encoding Range: [0x0000017480000000 - 0x0000017580000000), (4294967296 bytes)
Klass Range:    [0x0000017480000000 - 0x00000174c1000000), (1090519040 bytes)
Klass ID Range:  [8 - 1090519033) (1090519025)


Internal statistics:

num_allocs_failed_limit: 0.
num_arena_births: 122.
num_arena_deaths: 0.
num_vsnodes_births: 2.
num_vsnodes_deaths: 0.
num_space_committed: 61.
num_space_uncommitted: 0.
num_chunks_returned_to_freelist: 0.
num_chunks_taken_from_freelist: 127.
num_chunk_merges: 0.
num_chunk_splits: 92.
num_chunks_enlarged: 60.
num_inconsistent_stats: 0.

CodeHeap 'non-profiled nmethods': size=120064Kb used=421Kb max_used=421Kb free=119642Kb
 bounds [0x00000174e6ee0000, 0x00000174e7150000, 0x00000174ee420000]
CodeHeap 'profiled nmethods': size=120000Kb used=1802Kb max_used=1802Kb free=118197Kb
 bounds [0x00000174df420000, 0x00000174df690000, 0x00000174e6950000]
CodeHeap 'non-nmethods': size=5696Kb used=1280Kb max_used=1320Kb free=4415Kb
 bounds [0x00000174e6950000, 0x00000174e6bc0000, 0x00000174e6ee0000]
CodeCache: size=245760Kb, used=3503Kb, max_used=3543Kb, free=242254Kb
 total_blobs=1737, nmethods=1289, adapters=353, full_count=0
Compilation: enabled, stopped_count=0, restarted_count=0

Compilation events (20 events):
Event: 3.602 Thread 0x00000174c1086f90 1251  s    4       java.io.DataOutputStream::write (14 bytes)
Event: 3.602 Thread 0x00000174c1089730 nmethod 1283 0x00000174df5dfb08 code [0x00000174df5dfda0, 0x00000174df5e11f8]
Event: 3.606 Thread 0x00000174c1086f90 nmethod 1251 0x00000174e6f45008 code [0x00000174e6f45160, 0x00000174e6f459b8]
Event: 3.606 Thread 0x00000174c1086f90 1250       4       java.io.DataOutputStream::incCount (20 bytes)
Event: 3.607 Thread 0x00000174c1086f90 nmethod 1250 0x00000174e6f45a08 code [0x00000174e6f45b00, 0x00000174e6f45ba0]
Event: 3.607 Thread 0x00000174c1086f90 1248       4       java.util.LinkedHashMap::get (29 bytes)
Event: 3.615 Thread 0x00000174c1086f90 nmethod 1248 0x00000174e6f45d08 code [0x00000174e6f45e60, 0x00000174e6f46448]
Event: 3.615 Thread 0x00000174c1086f90 1244       4       java.util.HashMap$HashIterator::hasNext (13 bytes)
Event: 3.616 Thread 0x00000174c1086f90 nmethod 1244 0x00000174e6f46508 code [0x00000174e6f46600, 0x00000174e6f46680]
Event: 3.665 Thread 0x00000174c1aadde0 nmethod 1229 0x00000174e6f46808 code [0x00000174e6f46b20, 0x00000174e6f48e80]
Event: 3.723 Thread 0x00000174c1089730 1284       1       jdk.jfr.internal.periodic.EventTask::getEventType (5 bytes)
Event: 3.723 Thread 0x00000174c1089730 nmethod 1284 0x00000174e6f48f88 code [0x00000174e6f49080, 0x00000174e6f49148]
Event: 3.723 Thread 0x00000174c1089730 1285       1       jdk.jfr.internal.periodic.PeriodicTask::getPeriod (5 bytes)
Event: 3.723 Thread 0x00000174c1089730 nmethod 1285 0x00000174e6f49288 code [0x00000174e6f49380, 0x00000174e6f49448]
Event: 3.723 Thread 0x00000174c1089730 1286       3       java.util.Comparator$$Lambda/0x0000017481077c00::compare (10 bytes)
Event: 3.723 Thread 0x00000174c1089730 nmethod 1286 0x00000174df5e1288 code [0x00000174df5e13e0, 0x00000174df5e1868]
Event: 3.723 Thread 0x00000174c1089730 1287       3       java.util.Comparator::lambda$comparingLong$6043328a$1 (18 bytes)
Event: 3.724 Thread 0x00000174c1089730 nmethod 1287 0x00000174df5e1888 code [0x00000174df5e19e0, 0x00000174df5e1dd8]
Event: 3.724 Thread 0x00000174c1089730 1288       3       jdk.internal.classfile.impl.AbstractPoolEntry$Utf8EntryImpl::fieldTypeSymbol (34 bytes)
Event: 3.724 Thread 0x00000174c1089730 nmethod 1288 0x00000174df5e1e08 code [0x00000174df5e1f80, 0x00000174df5e27c8]

GC Heap History (0 events):
No events

Dll operation events (9 events):
Event: 1.791 Loaded shared library C:\Users\умаралиев\.jdks\openjdk-24\bin\java.dll
Event: 1.845 Loaded shared library C:\Users\умаралиев\.jdks\openjdk-24\bin\jsvml.dll
Event: 1.980 Loaded shared library C:\Users\умаралиев\.jdks\openjdk-24\bin\zip.dll
Event: 2.027 Loaded shared library C:\Users\умаралиев\.jdks\openjdk-24\bin\instrument.dll
Event: 2.039 Loaded shared library C:\Users\умаралиев\.jdks\openjdk-24\bin\net.dll
Event: 2.043 Loaded shared library C:\Users\умаралиев\.jdks\openjdk-24\bin\nio.dll
Event: 2.054 Loaded shared library C:\Users\умаралиев\.jdks\openjdk-24\bin\zip.dll
Event: 2.093 Loaded shared library C:\Users\умаралиев\.jdks\openjdk-24\bin\extnet.dll
Event: 2.711 Loaded shared library C:\Users\умаралиев\.jdks\openjdk-24\bin\jimage.dll

Deoptimization events (20 events):
Event: 3.355 Thread 0x00000174d6374ab0 Uncommon trap: trap_request=0xffffffcc fr.pc=0x00000174e6f2c624 relative=0x00000000000003e4
Event: 3.355 Thread 0x00000174d6374ab0 Uncommon trap: reason=intrinsic_or_type_checked_inlining action=make_not_entrant pc=0x00000174e6f2c624 method=java.util.Arrays.copyOf([Ljava/lang/Object;ILjava/lang/Class;)[Ljava/lang/Object; @ 35 c2
Event: 3.355 Thread 0x00000174d6374ab0 DEOPT PACKING pc=0x00000174e6f2c624 sp=0x000000428b0fdb50
Event: 3.355 Thread 0x00000174d6374ab0 DEOPT UNPACKING pc=0x00000174e6a64c02 sp=0x000000428b0fdb08 mode 2
Event: 3.486 Thread 0x00000174d6374ab0 Uncommon trap: trap_request=0xffffff4d fr.pc=0x00000174e6f196d0 relative=0x0000000000000050
Event: 3.486 Thread 0x00000174d6374ab0 Uncommon trap: reason=unstable_if action=reinterpret pc=0x00000174e6f196d0 method=java.lang.CharacterData.of(I)Ljava/lang/CharacterData; @ 4 c2
Event: 3.486 Thread 0x00000174d6374ab0 DEOPT PACKING pc=0x00000174e6f196d0 sp=0x000000428b0fe020
Event: 3.486 Thread 0x00000174d6374ab0 DEOPT UNPACKING pc=0x00000174e6a64c02 sp=0x000000428b0fdfc0 mode 2
Event: 3.497 Thread 0x00000174d6374ab0 Uncommon trap: trap_request=0xffffff4d fr.pc=0x00000174e6f32b90 relative=0x00000000000000f0
Event: 3.497 Thread 0x00000174d6374ab0 Uncommon trap: reason=unstable_if action=reinterpret pc=0x00000174e6f32b90 method=java.lang.Long.valueOf(J)Ljava/lang/Long; @ 17 c2
Event: 3.497 Thread 0x00000174d6374ab0 DEOPT PACKING pc=0x00000174e6f32b90 sp=0x000000428b0fde80
Event: 3.497 Thread 0x00000174d6374ab0 DEOPT UNPACKING pc=0x00000174e6a64c02 sp=0x000000428b0fde18 mode 2
Event: 3.561 Thread 0x00000174d6374ab0 Uncommon trap: trap_request=0xffffff4d fr.pc=0x00000174e6f3fa30 relative=0x0000000000000610
Event: 3.561 Thread 0x00000174d6374ab0 Uncommon trap: reason=unstable_if action=reinterpret pc=0x00000174e6f3fa30 method=java.io.ByteArrayOutputStream.ensureCapacity(I)V @ 11 c2
Event: 3.561 Thread 0x00000174d6374ab0 DEOPT PACKING pc=0x00000174e6f3fa30 sp=0x000000428b0fdf10
Event: 3.562 Thread 0x00000174d6374ab0 DEOPT UNPACKING pc=0x00000174e6a64c02 sp=0x000000428b0fdda0 mode 2
Event: 3.571 Thread 0x00000174d6374ab0 Uncommon trap: trap_request=0xffffff4d fr.pc=0x00000174e6f3f118 relative=0x00000000000003f8
Event: 3.571 Thread 0x00000174d6374ab0 Uncommon trap: reason=unstable_if action=reinterpret pc=0x00000174e6f3f118 method=java.io.ByteArrayOutputStream.ensureCapacity(I)V @ 11 c2
Event: 3.571 Thread 0x00000174d6374ab0 DEOPT PACKING pc=0x00000174e6f3f118 sp=0x000000428b0fddb0
Event: 3.571 Thread 0x00000174d6374ab0 DEOPT UNPACKING pc=0x00000174e6a64c02 sp=0x000000428b0fdca0 mode 2

Classes loaded (20 events):
Event: 3.495 Loading class jdk/jfr/internal/MetadataWriter
Event: 3.495 Loading class jdk/jfr/internal/MetadataWriter done
Event: 3.495 Loading class jdk/jfr/internal/MetadataDescriptor$Element
Event: 3.495 Loading class jdk/jfr/internal/MetadataDescriptor$Element done
Event: 3.497 Loading class jdk/jfr/internal/MetadataDescriptor$Attribute
Event: 3.497 Loading class jdk/jfr/internal/MetadataDescriptor$Attribute done
Event: 3.534 Loading class jdk/jfr/internal/consumer/StringParser$Encoding
Event: 3.534 Loading class jdk/jfr/internal/consumer/StringParser$Encoding done
Event: 3.579 Loading class jdk/jfr/internal/consumer/RepositoryFiles
Event: 3.580 Loading class jdk/jfr/internal/consumer/RepositoryFiles done
Event: 3.582 Loading class jdk/jfr/internal/SettingsManager$InternalSetting
Event: 3.583 Loading class jdk/jfr/internal/SettingsManager$InternalSetting done
Event: 3.596 Loading class jdk/jfr/internal/util/Rate
Event: 3.596 Loading class jdk/jfr/internal/util/Rate done
Event: 3.596 Loading class jdk/jfr/internal/util/TimespanUnit
Event: 3.597 Loading class jdk/jfr/internal/util/TimespanUnit done
Event: 3.597 Loading class jdk/jfr/internal/util/ValueParser
Event: 3.597 Loading class jdk/jfr/internal/util/ValueParser done
Event: 3.601 Loading class jdk/jfr/internal/periodic/PeriodicType
Event: 3.601 Loading class jdk/jfr/internal/periodic/PeriodicType done

Classes unloaded (0 events):
No events

Classes redefined (0 events):
No events

Internal exceptions (20 events):
Event: 2.731 Thread 0x00000174d6374ab0 Exception <a 'java/lang/NoSuchMethodError'{0x00000000a8677cf8}: 'java.lang.Object java.lang.invoke.DirectMethodHandle$Holder.invokeStatic(java.lang.Object, java.lang.Object, java.lang.Object, java.lang.Object, int)'> (0x00000000a8677cf8) 
thrown [s\open\src\hotspot\share\interpreter\linkResolver.cpp, line 805]
Event: 2.736 Thread 0x00000174d6374ab0 Exception <a 'java/lang/NoSuchMethodError'{0x00000000a8699038}: 'long java.lang.invoke.DelegatingMethodHandle$Holder.reinvoke_L(java.lang.Object, java.lang.Object, int)'> (0x00000000a8699038) 
thrown [s\open\src\hotspot\share\interpreter\linkResolver.cpp, line 805]
Event: 2.740 Thread 0x00000174d6374ab0 Exception <a 'java/lang/NoSuchMethodError'{0x00000000a86b1a40}: 'java.lang.Object java.lang.invoke.DelegatingMethodHandle$Holder.reinvoke_L(java.lang.Object, int, long, java.lang.Object, java.lang.Object, int, java.lang.Object)'> (0x00000000a86b1a40) 
thrown [s\open\src\hotspot\share\interpreter\linkResolver.cpp, line 805]
Event: 2.741 Thread 0x00000174d6374ab0 Exception <a 'java/lang/NoSuchMethodError'{0x00000000a86ba918}: 'int java.lang.invoke.DirectMethodHandle$Holder.invokeSpecial(java.lang.Object, java.lang.Object, java.lang.Object)'> (0x00000000a86ba918) 
thrown [s\open\src\hotspot\share\interpreter\linkResolver.cpp, line 805]
Event: 2.754 Thread 0x00000174d6374ab0 Exception <a 'java/lang/NoSuchMethodError'{0x00000000a86fdc68}: 'java.lang.Object java.lang.invoke.DirectMethodHandle$Holder.invokeStatic(java.lang.Object, java.lang.Object, java.lang.Object, java.lang.Object, java.lang.Object, java.lang.Object, java.lang.Object, java.lang.Object)'> (0x00000000a86fdc68) 
thrown [s\open\src\hotspot\share\interpreter\linkResolver.cpp, line 805]
Event: 2.759 Thread 0x00000174d6374ab0 Exception <a 'java/lang/NoSuchMethodError'{0x00000000a852ac38}: 'java.lang.Object java.lang.invoke.DirectMethodHandle$Holder.invokeStatic(java.lang.Object, java.lang.Object, java.lang.Object, java.lang.Object, java.lang.Object, java.lang.Object, java.lang.Object, java.lang.Object, java.lang.Object)'> (0x00000000a852ac38) 
thrown [s\open\src\hotspot\share\interpreter\linkResolver.cpp, line 805]
Event: 2.766 Thread 0x00000174d6374ab0 Exception <a 'java/lang/NoSuchMethodError'{0x00000000a85501e8}: 'java.lang.Object java.lang.invoke.DirectMethodHandle$Holder.invokeStatic(java.lang.Object, java.lang.Object, java.lang.Object, java.lang.Object, java.lang.Object, java.lang.Object, java.lang.Object, java.lang.Object, java.lang.Object, java.lang.Object)'> (0x00000000a85501e8) 
thrown [s\open\src\hotspot\share\interpreter\linkResolver.cpp, line 805]
Event: 2.771 Thread 0x00000174d6374ab0 Exception <a 'java/lang/NoSuchMethodError'{0x00000000a8568db8}: 'java.lang.Object java.lang.invoke.DirectMethodHandle$Holder.invokeStatic(java.lang.Object, java.lang.Object, int)'> (0x00000000a8568db8) 
thrown [s\open\src\hotspot\share\interpreter\linkResolver.cpp, line 805]
Event: 2.775 Thread 0x00000174d6374ab0 Exception <a 'java/lang/NoSuchMethodError'{0x00000000a8582570}: 'void java.lang.invoke.DelegatingMethodHandle$Holder.delegate(java.lang.Object, java.lang.Object, int, java.lang.Object)'> (0x00000000a8582570) 
thrown [s\open\src\hotspot\share\interpreter\linkResolver.cpp, line 805]
Event: 2.966 Thread 0x00000174d6374ab0 Exception <a 'java/lang/NoSuchMethodError'{0x00000000a85e58f8}: 'void java.lang.invoke.DirectMethodHandle$Holder.invokeStaticInit(java.lang.Object)'> (0x00000000a85e58f8) 
thrown [s\open\src\hotspot\share\interpreter\linkResolver.cpp, line 805]
Event: 3.065 Thread 0x00000174d6374ab0 Exception <a 'java/lang/NoSuchMethodError'{0x00000000a84b5bf8}: 'java.lang.Object java.lang.invoke.DirectMethodHandle$Holder.newInvokeSpecial(java.lang.Object, java.lang.Object, java.lang.Object, java.lang.Object, java.lang.Object)'> (0x00000000a84b5bf8) 
thrown [s\open\src\hotspot\share\interpreter\linkResolver.cpp, line 805]
Event: 3.208 Thread 0x00000174d6374ab0 Exception <a 'java/lang/NoSuchMethodError'{0x00000000a824cea0}: 'long java.lang.invoke.DirectMethodHandle$Holder.invokeVirtual(java.lang.Object, java.lang.Object)'> (0x00000000a824cea0) 
thrown [s\open\src\hotspot\share\interpreter\linkResolver.cpp, line 805]
Event: 3.432 Thread 0x00000174d6374ab0 Exception <a 'java/lang/NoSuchMethodError'{0x00000000a7e6bdd0}: 'void java.lang.invoke.DirectMethodHandle$Holder.invokeSpecial(java.lang.Object, java.lang.Object, int)'> (0x00000000a7e6bdd0) 
thrown [s\open\src\hotspot\share\interpreter\linkResolver.cpp, line 805]
Event: 3.432 Thread 0x00000174d6374ab0 Exception <a 'java/lang/NoSuchMethodError'{0x00000000a7e739f0}: 'void java.lang.invoke.Invokers$Holder.invokeExact_MT(java.lang.Object, int, java.lang.Object)'> (0x00000000a7e739f0) 
thrown [s\open\src\hotspot\share\interpreter\linkResolver.cpp, line 805]
Event: 3.456 Thread 0x00000174d6374ab0 Exception <a 'java/lang/NoSuchMethodError'{0x00000000a7e8f2d0}: 'void java.lang.invoke.DirectMethodHandle$Holder.invokeStatic(java.lang.Object, java.lang.Object, int)'> (0x00000000a7e8f2d0) 
thrown [s\open\src\hotspot\share\interpreter\linkResolver.cpp, line 805]
Event: 3.457 Thread 0x00000174d6374ab0 Exception <a 'java/lang/NoSuchMethodError'{0x00000000a7e9e2a8}: 'java.lang.Object java.lang.invoke.DirectMethodHandle$Holder.newInvokeSpecial(java.lang.Object, java.lang.Object, int)'> (0x00000000a7e9e2a8) 
thrown [s\open\src\hotspot\share\interpreter\linkResolver.cpp, line 805]
Event: 3.459 Thread 0x00000174c1145e10 Exception <a 'java/lang/NoSuchMethodError'{0x00000000a7d01328}: 'long java.lang.invoke.DirectMethodHandle$Holder.invokeSpecial(java.lang.Object, java.lang.Object)'> (0x00000000a7d01328) 
thrown [s\open\src\hotspot\share\interpreter\linkResolver.cpp, line 805]
Event: 3.470 Thread 0x00000174d6374ab0 Exception <a 'sun/nio/fs/WindowsException'{0x00000000a7ed2808}> (0x00000000a7ed2808) 
thrown [s\open\src\hotspot\share\prims\jni.cpp, line 518]
Event: 3.479 Thread 0x00000174d6374ab0 Exception <a 'sun/nio/fs/WindowsException'{0x00000000a7edfb30}> (0x00000000a7edfb30) 
thrown [s\open\src\hotspot\share\prims\jni.cpp, line 518]
Event: 3.489 Thread 0x00000174d6374ab0 Exception <a 'sun/nio/fs/WindowsException'{0x00000000a7ef2910}> (0x00000000a7ef2910) 
thrown [s\open\src\hotspot\share\prims\jni.cpp, line 518]

VM Operations (10 events):
Event: 1.929 Executing VM operation: HandshakeAllThreads (Deoptimize)
Event: 1.929 Executing VM operation: HandshakeAllThreads (Deoptimize) done
Event: 3.053 Executing VM operation: HandshakeAllThreads (Deoptimize)
Event: 3.053 Executing VM operation: HandshakeAllThreads (Deoptimize) done
Event: 3.461 Executing VM operation: HandshakeAllThreads (Deoptimize)
Event: 3.462 Executing VM operation: HandshakeAllThreads (Deoptimize) done
Event: 3.464 Executing VM operation: HandshakeAllThreads (Deoptimize)
Event: 3.464 Executing VM operation: HandshakeAllThreads (Deoptimize) done
Event: 3.581 Executing VM operation: JFRSafepointClear
Event: 3.581 Executing VM operation: JFRSafepointClear done

Memory protections (0 events):
No events

Nmethod flushes (0 events):
No events

Events (16 events):
Event: 1.817 Thread 0x00000174d6374ab0 Thread added: 0x00000174d6374ab0
Event: 1.841 Thread 0x00000174d6374ab0 Thread added: 0x00000174d6082e30
Event: 1.841 Thread 0x00000174d6374ab0 Thread added: 0x00000174d6084f10
Event: 1.842 Thread 0x00000174d6374ab0 Thread added: 0x00000174d6087a10
Event: 1.842 Thread 0x00000174d6374ab0 Thread added: 0x00000174d608a550
Event: 1.842 Thread 0x00000174d6374ab0 Thread added: 0x00000174d608d220
Event: 1.842 Thread 0x00000174d6374ab0 Thread added: 0x00000174d609ab20
Event: 1.843 Thread 0x00000174d6374ab0 Thread added: 0x00000174c1086f90
Event: 1.843 Thread 0x00000174d6374ab0 Thread added: 0x00000174c1089730
Event: 1.914 Thread 0x00000174d6374ab0 Thread added: 0x00000174c1144f70
Event: 2.074 Thread 0x00000174d6374ab0 Thread added: 0x00000174c1147b50
Event: 2.715 Thread 0x00000174c1089730 Thread added: 0x00000174c191a760
Event: 2.916 Thread 0x00000174c191a760 Thread exited: 0x00000174c191a760
Event: 2.917 Thread 0x00000174d6374ab0 Thread added: 0x00000174c11482a0
Event: 3.231 Thread 0x00000174c1086f90 Thread added: 0x00000174c1aadde0
Event: 3.458 Thread 0x00000174d6374ab0 Thread added: 0x00000174c1145e10


Dynamic libraries:
0x00007ff727f00000 - 0x00007ff727f0e000 	C:\Users\умаралиев\.jdks\openjdk-24\bin\java.exe
0x00007fffa7ad0000 - 0x00007fffa7cc8000 	C:\WINDOWS\SYSTEM32\ntdll.dll
0x00007fffa69e0000 - 0x00007fffa6aa2000 	C:\WINDOWS\System32\KERNEL32.DLL
0x00007fffa57b0000 - 0x00007fffa5aa6000 	C:\WINDOWS\System32\KERNELBASE.dll
0x00007fffa5150000 - 0x00007fffa5250000 	C:\WINDOWS\System32\ucrtbase.dll
0x00007fff93bb0000 - 0x00007fff93bc6000 	C:\Users\умаралиев\.jdks\openjdk-24\bin\jli.dll
0x00007fffa0020000 - 0x00007fffa003b000 	C:\Users\умаралиев\.jdks\openjdk-24\bin\VCRUNTIME140.dll
0x00007fffa5cc0000 - 0x00007fffa5e5d000 	C:\WINDOWS\System32\USER32.dll
0x00007fff99680000 - 0x00007fff9991a000 	C:\WINDOWS\WinSxS\amd64_microsoft.windows.common-controls_6595b64144ccf1df_6.0.19041.4355_none_60b8b9eb71f62e16\COMCTL32.dll
0x00007fffa5400000 - 0x00007fffa5422000 	C:\WINDOWS\System32\win32u.dll
0x00007fffa7820000 - 0x00007fffa78be000 	C:\WINDOWS\System32\msvcrt.dll
0x00007fffa5ae0000 - 0x00007fffa5b0b000 	C:\WINDOWS\System32\GDI32.dll
0x00007fffa5250000 - 0x00007fffa536a000 	C:\WINDOWS\System32\gdi32full.dll
0x00007fffa5610000 - 0x00007fffa56ad000 	C:\WINDOWS\System32\msvcp_win.dll
0x00007fffa7a60000 - 0x00007fffa7a8f000 	C:\WINDOWS\System32\IMM32.DLL
0x00007fffa0000000 - 0x00007fffa000c000 	C:\Users\умаралиев\.jdks\openjdk-24\bin\vcruntime140_1.dll
0x00007fff86c80000 - 0x00007fff86d0e000 	C:\Users\умаралиев\.jdks\openjdk-24\bin\msvcp140.dll
0x00007fff4f6a0000 - 0x00007fff50442000 	C:\Users\умаралиев\.jdks\openjdk-24\bin\server\jvm.dll
0x00007fffa7420000 - 0x00007fffa74d1000 	C:\WINDOWS\System32\ADVAPI32.dll
0x00007fffa74e0000 - 0x00007fffa757f000 	C:\WINDOWS\System32\sechost.dll
0x00007fffa76e0000 - 0x00007fffa7803000 	C:\WINDOWS\System32\RPCRT4.dll
0x00007fffa5ab0000 - 0x00007fffa5ad7000 	C:\WINDOWS\System32\bcrypt.dll
0x00007fffa79f0000 - 0x00007fffa7a5b000 	C:\WINDOWS\System32\WS2_32.dll
0x00007fffa5030000 - 0x00007fffa507b000 	C:\WINDOWS\SYSTEM32\POWRPROF.dll
0x00007fff9bb90000 - 0x00007fff9bb9a000 	C:\WINDOWS\SYSTEM32\VERSION.dll
0x00007fff9fe80000 - 0x00007fff9fea7000 	C:\WINDOWS\SYSTEM32\WINMM.dll
0x00007fffa4fc0000 - 0x00007fffa4fd2000 	C:\WINDOWS\SYSTEM32\UMPDC.dll
0x00007fffa2af0000 - 0x00007fffa2b02000 	C:\WINDOWS\SYSTEM32\kernel.appcore.dll
0x00007fff9fb30000 - 0x00007fff9fb3a000 	C:\Users\умаралиев\.jdks\openjdk-24\bin\jimage.dll
0x00007fff912d0000 - 0x00007fff914b4000 	C:\WINDOWS\SYSTEM32\DBGHELP.DLL
0x00007fff94b40000 - 0x00007fff94b74000 	C:\WINDOWS\SYSTEM32\dbgcore.DLL
0x00007fffa5370000 - 0x00007fffa53f2000 	C:\WINDOWS\System32\bcryptPrimitives.dll
0x00007fff93900000 - 0x00007fff9390f000 	C:\Users\умаралиев\.jdks\openjdk-24\bin\instrument.dll
0x00007fff93b90000 - 0x00007fff93bae000 	C:\Users\умаралиев\.jdks\openjdk-24\bin\java.dll
0x00007fffa6790000 - 0x00007fffa68bb000 	C:\WINDOWS\System32\ole32.dll
0x00007fffa6430000 - 0x00007fffa6785000 	C:\WINDOWS\System32\combase.dll
0x00007fffa6bf0000 - 0x00007fffa735f000 	C:\WINDOWS\System32\SHELL32.dll
0x00007fff5e020000 - 0x00007fff5e22e000 	C:\Users\умаралиев\AppData\Local\Temp\idea_libasyncProfiler_dll_temp_folder\libasyncProfiler.dll
0x00007fffa2cf0000 - 0x00007fffa3493000 	C:\WINDOWS\SYSTEM32\windows.storage.dll
0x00007fffa4a80000 - 0x00007fffa4aab000 	C:\WINDOWS\SYSTEM32\Wldp.dll
0x00007fffa5e60000 - 0x00007fffa5f2d000 	C:\WINDOWS\System32\OLEAUT32.dll
0x00007fffa7940000 - 0x00007fffa79ed000 	C:\WINDOWS\System32\SHCORE.dll
0x00007fffa7680000 - 0x00007fffa76d5000 	C:\WINDOWS\System32\shlwapi.dll
0x00007fffa5080000 - 0x00007fffa50a5000 	C:\WINDOWS\SYSTEM32\profapi.dll
0x00007fff81f70000 - 0x00007fff82047000 	C:\Users\умаралиев\.jdks\openjdk-24\bin\jsvml.dll
0x00007fff93ae0000 - 0x00007fff93af7000 	C:\Users\умаралиев\.jdks\openjdk-24\bin\zip.dll
0x00007fff95120000 - 0x00007fff95130000 	C:\Users\умаралиев\.jdks\openjdk-24\bin\net.dll
0x00007fffa47b0000 - 0x00007fffa481c000 	C:\WINDOWS\system32\mswsock.dll
0x00007fff93b70000 - 0x00007fff93b86000 	C:\Users\умаралиев\.jdks\openjdk-24\bin\nio.dll
0x00007fff93ad0000 - 0x00007fff93ad9000 	C:\Users\умаралиев\.jdks\openjdk-24\bin\extnet.dll

dbghelp: loaded successfully - version: 4.0.5 - missing functions: none
symbol engine: initialized successfully - sym options: 0x614 - pdb path: .;C:\Users\умаралиев\.jdks\openjdk-24\bin;C:\WINDOWS\SYSTEM32;C:\WINDOWS\WinSxS\amd64_microsoft.windows.common-controls_6595b64144ccf1df_6.0.19041.4355_none_60b8b9eb71f62e16;C:\Users\умаралиев\.jdks\openjdk-24\bin\server;C:\Users\умаралиев\AppData\Local\Temp\idea_libasyncProfiler_dll_temp_folder

VM Arguments:
jvm_args: -javaagent:C:\Program Files\JetBrains\IntelliJ IDEA 2024.3.5\lib\idea_rt.jar=63455 -agentpath:C:\Users\умаралиев\AppData\Local\Temp\idea_libasyncProfiler_dll_temp_folder\libasyncProfiler.dll=start,jfr,event=wall,interval=10ms,jfrsync=profile,cstack=no,file=C:\Users\умаралиев\IdeaSnapshots\Lesson_1_Lesson_2_2025_03_29_235720.jfr,dbghelppath=C:\Users\умаралиев\AppData\Local\Temp\idea_dbghelp_dll_temp_folder\dbghelp.dll,log=C:\Users\умаралиев\AppData\Local\Temp\Lesson_1_Lesson_2_2025_03_29_235720.jfr.log.txt,logLevel=DEBUG -Dfile.encoding=UTF-8 -Dsun.stdout.encoding=UTF-8 -Dsun.stderr.encoding=UTF-8 
java_command: org.example.Lesson_1$Lesson_2
java_class_path (initial): C:\Users\умаралиев\IdeaProjects\Lassen_1\target\classes
Launcher Type: SUN_STANDARD

[Global flags]
     intx CICompilerCount                          = 3                                         {product} {ergonomic}
     uint ConcGCThreads                            = 1                                         {product} {ergonomic}
     bool FlightRecorder                           = true                                      {product} {management}
     uint G1ConcRefinementThreads                  = 4                                         {product} {ergonomic}
   size_t G1HeapRegionSize                         = 1048576                                   {product} {ergonomic}
   size_t InitialHeapSize                          = 98566144                                  {product} {ergonomic}
   size_t MarkStackSize                            = 4194304                                   {product} {ergonomic}
   size_t MarkStackSizeMax                         = 536870912                                 {product} {ergonomic}
   size_t MaxHeapSize                              = 1562378240                                {product} {ergonomic}
   size_t MaxNewSize                               = 937426944                                 {product} {ergonomic}
   size_t MinHeapDeltaBytes                        = 1048576                                   {product} {ergonomic}
   size_t MinHeapSize                              = 8388608                                   {product} {ergonomic}
    uintx NonNMethodCodeHeapSize                   = 5832704                                {pd product} {ergonomic}
    uintx NonProfiledCodeHeapSize                  = 122945536                              {pd product} {ergonomic}
    uintx ProfiledCodeHeapSize                     = 122880000                              {pd product} {ergonomic}
    uintx ReservedCodeCacheSize                    = 251658240                              {pd product} {ergonomic}
     bool SegmentedCodeCache                       = true                                      {product} {ergonomic}
   size_t SoftMaxHeapSize                          = 1562378240                             {manageable} {ergonomic}
     bool UseCompressedOops                        = true                           {product lp64_product} {ergonomic}
     bool UseG1GC                                  = true                                      {product} {ergonomic}
     bool UseLargePagesIndividualAllocation        = false                                  {pd product} {ergonomic}

Logging:
Log output configuration:
 #0: stdout all=warning uptime,level,tags foldmultilines=false
 #1: stderr all=off uptime,level,tags foldmultilines=false

Environment Variables:
PATH=C:\WINDOWS\system32;C:\WINDOWS;C:\WINDOWS\System32\Wbem;C:\WINDOWS\System32\WindowsPowerShell\v1.0\;C:\WINDOWS\System32\OpenSSH\;C:\Program Files\Git\cmd;C:\Users\умаралиев\AppData\Local\Microsoft\WindowsApps;C:\Program Files (x86)\;C:\Users\умаралиев\AppData\Local\Programs\Microsoft VS Code\bin;C:\Program Files\JetBrains\IntelliJ IDEA Community Edition 2024.3.5\bin;;C:\Program Files\JetBrains\IntelliJ IDEA 2024.3.5\bin;
USERNAME=умаралиев
OS=Windows_NT
PROCESSOR_IDENTIFIER=Intel64 Family 6 Model 58 Stepping 9, GenuineIntel
TMP=C:\Users\4C4D~1\AppData\Local\Temp
TEMP=C:\Users\4C4D~1\AppData\Local\Temp




Periodic native trim disabled

---------------  S Y S T E M  ---------------

OS:
 Windows 10 , 64 bit Build 19041 (10.0.19041.5678)
OS uptime: 2 days 0:18 hours

CPU: total 4 (initial active 4) (2 cores per cpu, 2 threads per core) family 6 model 58 stepping 9 microcode 0x21, cx8, cmov, fxsr, ht, mmx, sse, sse2, sse3, ssse3, sse4.1, sse4.2, popcnt, tsc, tscinvbit, avx, erms, clmul, vzeroupper, clflush, rdtscp, f16c
Processor Information for the first 4 processors :
  Max Mhz: 2500, Current Mhz: 2500, Mhz Limit: 2500

Memory: 4k page, system-wide physical 5959M (578M free)
TotalPageFile size 9834M (AvailPageFile size 1735M)
current process WorkingSet (physical memory assigned to process): 73M, peak: 75M
current process commit charge ("private bytes"): 210M, peak: 215M

vm_info: OpenJDK 64-Bit Server VM (24+36-3646) for windows-amd64 JRE (24+36-3646), built on 2025-02-06T00:20:43Z with MS VC++ 17.6 (VS2022)

END.
